2026-01-01 00:59:49,624 - INFO - ============= Search By All Field Test started =======================
2026-01-01 00:59:49,764 - INFO - ------------ Enter Username Successfully ---------------
2026-01-01 00:59:49,942 - INFO - ------------ Enter Password Successfully ---------------
2026-01-01 00:59:54,281 - INFO - ------------ Click Login Button Successfully ---------------
2026-01-01 00:59:55,636 - INFO - ------------ Clicked Admin fro sidebar Successfully ---------------
2026-01-01 01:00:03,295 - INFO - ------------ system_user_up_down Successfully ---------------
2026-01-01 01:00:03,773 - INFO - ------------ Put Forrest_Howe Successfully ---------------
2026-01-01 01:00:06,412 - INFO - ------------ Select ESS Successfully ---------------
2026-01-01 01:00:23,856 - INFO - ============= search with Enable/Disable Dropdown Test started =======================
2026-01-01 01:00:23,856 - INFO - ------------ created Login Page Object successfully ---------------
2026-01-01 01:00:24,058 - INFO - ------------ Enter Username Successfully ---------------
2026-01-01 01:00:24,291 - INFO - ------------ Enter Password Successfully ---------------
2026-01-01 01:00:27,512 - INFO - ------------ Click Login Button Successfully ---------------
2026-01-01 01:00:27,514 - INFO - ------------ created Admin Page Object successfully ---------------
2026-01-01 01:00:29,012 - INFO - ------------ Clicked Admin fro sidebar Successfully ---------------
2026-01-01 01:00:33,014 - INFO - ------------ created Admin Page Object successfully ---------------
2026-01-01 01:00:35,687 - INFO - ------------ systemUser minimize/maximize successfully ---------------
2026-01-01 01:00:37,689 - INFO - ------------ Click on Enable successfully ---------------
2026-01-01 01:00:40,989 - INFO - ------------ Clicked on Search Button successfully ---------------
2026-01-01 01:00:41,378 - INFO - ============= search Enable/Disable Test Passed =======================
2026-01-01 01:00:54,153 - INFO - ============= search with Employee name Test started =======================
2026-01-01 01:00:54,158 - INFO - ---- getting Username -----
2026-01-01 01:00:54,159 - INFO - ---- getting Password -----
2026-01-01 01:00:54,161 - INFO - ========= Navigate to Login Page =================
2026-01-01 01:00:54,162 - INFO - ---- Login Page Activated -----
2026-01-01 01:00:54,584 - INFO - ---- Enter Username -----
2026-01-01 01:00:54,977 - INFO - ---- Enter Password -----
2026-01-01 01:00:55,372 - INFO - ---- Clicked Login Button -----
2026-01-01 01:01:01,375 - INFO - ========= Navigate to Admin Page =================
2026-01-01 01:01:02,783 - INFO - --------------- Clicked on Admin ----------------------
2026-01-01 01:01:07,786 - INFO - ========= Navigate to Admin User Search Page =================
2026-01-01 01:01:10,419 - INFO - ----------- Enter Employee Name --------------------------------
2026-01-01 01:01:10,923 - INFO - ============= search with Employee name Test Passed =======================
2026-01-01 01:01:28,318 - INFO - ****** Starting Search by Role ******
2026-01-01 01:01:28,320 - INFO - ---- setup Initiated -----
2026-01-01 01:01:28,323 - INFO - ---- getting Username -----
2026-01-01 01:01:28,325 - INFO - ---- getting URL -----
2026-01-01 01:01:28,326 - INFO - ---- Login Page Activated -----
2026-01-01 01:01:28,708 - INFO - ---- Enter Username -----
2026-01-01 01:01:29,021 - INFO - ---- Enter Password -----
2026-01-01 01:01:29,213 - INFO - ---- Clicked Login Button -----
2026-01-01 01:01:32,610 - INFO - ---- Click on Admin -----
2026-01-01 01:01:34,611 - INFO - ---- Navigate to Search Page -----
2026-01-01 01:01:37,357 - INFO - ---- Paste Admin  -----
2026-01-01 01:01:37,735 - INFO - ---- Click on Search button -----
2026-01-01 01:01:43,049 - INFO - ****** Search by user role testcase Passed ******
