2026-01-01 01:00:54,153 - INFO - ============= search with Employee name Test started =======================
2026-01-01 01:00:54,158 - INFO - ---- getting Username -----
2026-01-01 01:00:54,159 - INFO - ---- getting Password -----
2026-01-01 01:00:54,161 - INFO - ========= Navigate to Login Page =================
2026-01-01 01:00:54,162 - INFO - ---- Login Page Activated -----
2026-01-01 01:00:54,584 - INFO - ---- Enter Username -----
2026-01-01 01:00:54,977 - INFO - ---- Enter Password -----
2026-01-01 01:00:55,372 - INFO - ---- Clicked Login Button -----
2026-01-01 01:01:01,375 - INFO - ========= Navigate to Admin Page =================
2026-01-01 01:01:02,783 - INFO - --------------- Clicked on Admin ----------------------
2026-01-01 01:01:07,786 - INFO - ========= Navigate to Admin User Search Page =================
2026-01-01 01:01:10,419 - INFO - ----------- Enter Employee Name --------------------------------
2026-01-01 01:01:10,923 - INFO - ============= search with Employee name Test Passed =======================
2026-01-01 01:01:28,318 - INFO - ****** Starting Search by Role ******
2026-01-01 01:01:28,320 - INFO - ---- setup Initiated -----
2026-01-01 01:01:28,323 - INFO - ---- getting Username -----
2026-01-01 01:01:28,325 - INFO - ---- getting URL -----
2026-01-01 01:01:28,326 - INFO - ---- Login Page Activated -----
2026-01-01 01:01:28,708 - INFO - ---- Enter Username -----
2026-01-01 01:01:29,021 - INFO - ---- Enter Password -----
2026-01-01 01:01:29,213 - INFO - ---- Clicked Login Button -----
2026-01-01 01:01:32,610 - INFO - ---- Click on Admin -----
2026-01-01 01:01:34,611 - INFO - ---- Navigate to Search Page -----
2026-01-01 01:01:37,357 - INFO - ---- Paste Admin  -----
2026-01-01 01:01:37,735 - INFO - ---- Click on Search button -----
2026-01-01 01:01:43,049 - INFO - ****** Search by user role testcase Passed ******
